<?xml version="1.0" encoding="UTF-8"?>
<!-- Generated by org.testng.reporters.JUnitReportReporter -->
<testsuite hostname="ojt17-PC" name="DriverFactory.DriverScript" tests="1" failures="0" timestamp="9 Nov 2019 14:11:37 GMT" time="111.251" errors="0">
  <testcase name="startTest" time="111.251" classname="DriverFactory.DriverScript"/>
</testsuite> <!-- DriverFactory.DriverScript -->
